长高为: 88 48
   1:[38;2;204;164;227;48;2;255;255;255m   1  
[0m   2:[38;2;204;164;227;48;2;255;255;255m   1  
[0m   3:[38;2;204;164;227;48;2;255;255;255m   1  
[0m   4:[38;2;204;164;227;48;2;255;255;255m   1  
[0m   5:[38;2;204;164;227;48;2;255;255;255m   1  
[0m   6:[38;2;204;164;227;48;2;255;255;255m   1  
[0m   7:[38;2;204;164;227;48;2;255;255;255m   1  
[0m   8:[38;2;204;164;227;48;2;255;255;255m   1  
[0m   9:[38;2;204;164;227;48;2;255;255;255m   1  
[0m  10:[38;2;204;164;227;48;2;255;255;255m   1  
[0m  11:[38;2;204;164;227;48;2;255;255;255m   1  
[0m  12:[38;2;204;164;227;48;2;255;255;255m   1  
[0m  13:[38;2;204;164;227;48;2;255;255;255m   1  
[0m  14:[38;2;204;164;227;48;2;255;255;255m   1  
[0m  15:[38;2;204;164;227;48;2;255;255;255m   1  
[0m  16:[38;2;204;164;227;48;2;255;255;255m   1  
[0m  17:[38;2;204;164;227;48;2;255;255;255m   1  
[0m  18:[38;2;204;164;227;48;2;255;255;255m   1  
[0m  19:[38;2;204;164;227;48;2;255;255;255m   1  
[0m  20:[38;2;204;164;227;48;2;255;255;255m   1  
[0m  21:[38;2;204;164;227;48;2;255;255;255m   1  
[0m  22:[38;2;204;164;227;48;2;255;255;255m   1  
[0m  23:[38;2;204;164;227;48;2;255;255;255m   1  
[0m  24:[38;2;204;164;227;48;2;255;255;255m   1  
[0m  25:[38;2;204;164;227;48;2;255;255;255m   1  
[0m  26:[38;2;204;164;227;48;2;255;255;255m   1  
[0m  27:[38;2;204;164;227;48;2;255;255;255m   1  
[0m  28:[38;2;204;164;227;48;2;255;255;255m   1  
[0m  29:[38;2;204;164;227;48;2;255;255;255m   1  
[0m  30:[38;2;204;164;227;48;2;255;255;255m   1  
[0m  31:[38;2;204;164;227;48;2;255;255;255m   1  
[0m  32:[38;2;204;164;227;48;2;255;255;255m   1  
[0m  33:[38;2;204;164;227;48;2;255;255;255m   1  
[0m  34:[38;2;204;164;227;48;2;255;255;255m   1  
[0m  35:[38;2;204;164;227;48;2;255;255;255m   1  
[0m  36:[38;2;204;164;227;48;2;255;255;255m   1  
[0m  37:[38;2;204;164;227;48;2;255;255;255m   1  
[0m  38:[38;2;204;164;227;48;2;255;255;255m   1  
[0m  39:[38;2;204;164;227;48;2;255;255;255m   1  
[0m  40:[38;2;204;164;227;48;2;255;255;255m   1  
[0m  41:[38;2;204;164;227;48;2;255;255;255m   1  
[0m  42:[38;2;204;164;227;48;2;222;235;247m   2  
[0m  43:[38;2;204;164;227;48;2;255;255;255m   1  
[0m  44:[38;2;204;164;227;48;2;222;235;247m   4  
[0m  45:[38;2;204;164;227;48;2;255;255;255m   1  
[0m  46:[38;2;204;164;227;48;2;222;235;247m   6  
[0m  47:[38;2;204;164;227;48;2;255;255;255m   1  
[0m  48:[38;2;204;164;227;48;2;222;235;247m   8  
[0m  49:[38;2;204;164;227;48;2;255;255;255m   1  
[0m  50:[38;2;204;164;227;48;2;222;235;247m  10  
[0m  51:[38;2;204;164;227;48;2;255;255;255m   1  
[0m  52:[38;2;204;164;227;48;2;222;235;247m   4  [0m[38;2;204;164;227;48;2;108;138;184m   6  [0m[38;2;204;164;227;48;2;222;235;247m   2  
[0m  53:[38;2;204;164;227;48;2;255;255;255m   1  
[0m  54:[38;2;204;164;227;48;2;222;235;247m   4  [0m[38;2;204;164;227;48;2;108;138;184m   2  [0m[38;2;204;164;227;48;2;249;251;248m   4  [0m[38;2;204;164;227;48;2;108;138;184m   3  [0m[38;2;204;164;227;48;2;222;235;247m   1  
[0m  55:[38;2;204;164;227;48;2;255;255;255m   1  
[0m  56:[38;2;204;164;227;48;2;222;235;247m   4  [0m[38;2;204;164;227;48;2;108;138;184m   1  [0m[38;2;204;164;227;48;2;249;251;248m   8  [0m[38;2;204;164;227;48;2;108;138;184m   2  [0m[38;2;204;164;227;48;2;222;235;247m   1  
[0m  57:[38;2;204;164;227;48;2;255;255;255m   1  
[0m  58:[38;2;204;164;227;48;2;222;235;247m   4  [0m[38;2;204;164;227;48;2;108;138;184m   1  [0m[38;2;204;164;227;48;2;249;251;248m  10  [0m[38;2;204;164;227;48;2;108;138;184m   2  [0m[38;2;204;164;227;48;2;222;235;247m   1  
[0m  59:[38;2;204;164;227;48;2;255;255;255m   1  
[0m  60:[38;2;204;164;227;48;2;222;235;247m   5  [0m[38;2;204;164;227;48;2;108;138;184m   1  [0m[38;2;204;164;227;48;2;249;251;248m  11  [0m[38;2;204;164;227;48;2;108;138;184m   2  [0m[38;2;204;164;227;48;2;222;235;247m   1  
[0m  61:[38;2;204;164;227;48;2;255;255;255m   1  
[0m  62:[38;2;204;164;227;48;2;222;235;247m   6  [0m[38;2;204;164;227;48;2;108;138;184m   1  [0m[38;2;204;164;227;48;2;249;251;248m  12  [0m[38;2;204;164;227;48;2;108;138;184m   1  [0m[38;2;204;164;227;48;2;222;235;247m   2  
[0m  63:[38;2;204;164;227;48;2;255;255;255m   1  
[0m  64:[38;2;204;164;227;48;2;222;235;247m   7  [0m[38;2;204;164;227;48;2;108;138;184m   1  [0m[38;2;204;164;227;48;2;249;251;248m  12  [0m[38;2;204;164;227;48;2;108;138;184m   2  [0m[38;2;204;164;227;48;2;222;235;247m   2  
[0m  65:[38;2;204;164;227;48;2;255;255;255m   1  
[0m  66:[38;2;204;164;227;48;2;222;235;247m   8  [0m[38;2;204;164;227;48;2;108;138;184m   1  [0m[38;2;204;164;227;48;2;249;251;248m  13  [0m[38;2;204;164;227;48;2;108;138;184m   1  [0m[38;2;204;164;227;48;2;222;235;247m   3  
[0m  67:[38;2;204;164;227;48;2;255;255;255m   1  
[0m  68:[38;2;204;164;227;48;2;222;235;247m   9  [0m[38;2;204;164;227;48;2;108;138;184m   1  [0m[38;2;204;164;227;48;2;249;251;248m  13  [0m[38;2;204;164;227;48;2;108;138;184m   1  [0m[38;2;204;164;227;48;2;222;235;247m   4  
[0m  69:[38;2;204;164;227;48;2;255;255;255m   1  
[0m  70:[38;2;204;164;227;48;2;222;235;247m  10  [0m[38;2;204;164;227;48;2;108;138;184m   1  [0m[38;2;204;164;227;48;2;249;251;248m  13  [0m[38;2;204;164;227;48;2;108;138;184m   1  [0m[38;2;204;164;227;48;2;222;235;247m   5  
[0m  71:[38;2;204;164;227;48;2;255;255;255m   1  
[0m  72:[38;2;204;164;227;48;2;222;235;247m   2  [0m[38;2;204;164;227;48;2;108;138;184m   1  [0m[38;2;204;164;227;48;2;254;210;223m   2  [0m[38;2;204;164;227;48;2;108;138;184m   1  [0m[38;2;204;164;227;48;2;222;235;247m   1  [0m[38;2;204;164;227;48;2;108;138;184m   2  [0m[38;2;204;164;227;48;2;222;235;247m   2  [0m[38;2;204;164;227;48;2;108;138;184m   1  [0m[38;2;204;164;227;48;2;249;251;248m  13  [0m[38;2;204;164;227;48;2;108;138;184m   1  [0m[38;2;204;164;227;48;2;222;235;247m   6  
[0m  73:[38;2;204;164;227;48;2;255;255;255m   1  
[0m  74:[38;2;204;164;227;48;2;222;235;247m   3  [0m[38;2;204;164;227;48;2;108;138;184m   1  [0m[38;2;204;164;227;48;2;254;210;223m   2  [0m[38;2;204;164;227;48;2;108;138;184m   2  [0m[38;2;204;164;227;48;2;254;210;223m   2  [0m[38;2;204;164;227;48;2;108;138;184m   1  [0m[38;2;204;164;227;48;2;222;235;247m   1  [0m[38;2;204;164;227;48;2;108;138;184m   1  [0m[38;2;204;164;227;48;2;249;251;248m  13  [0m[38;2;204;164;227;48;2;108;138;184m   1  [0m[38;2;204;164;227;48;2;222;235;247m   7  
[0m  75:[38;2;204;164;227;48;2;255;255;255m   1  
[0m  76:[38;2;204;164;227;48;2;222;235;247m   4  [0m[38;2;204;164;227;48;2;108;138;184m   1  [0m[38;2;204;164;227;48;2;254;210;223m   2  [0m[38;2;204;164;227;48;2;108;138;184m   2  [0m[38;2;204;164;227;48;2;254;210;223m   2  [0m[38;2;204;164;227;48;2;108;138;184m   1  [0m[38;2;204;164;227;48;2;222;235;247m   1  [0m[38;2;204;164;227;48;2;108;138;184m   1  [0m[38;2;204;164;227;48;2;249;251;248m  12  [0m[38;2;204;164;227;48;2;108;138;184m   2  [0m[38;2;204;164;227;48;2;222;235;247m   8  
[0m  77:[38;2;204;164;227;48;2;255;255;255m   1  
[0m  78:[38;2;204;164;227;48;2;222;235;247m   6  [0m[38;2;204;164;227;48;2;108;138;184m   2  [0m[38;2;204;164;227;48;2;222;235;247m   1  [0m[38;2;204;164;227;48;2;108;138;184m   1  [0m[38;2;204;164;227;48;2;254;210;223m   2  [0m[38;2;204;164;227;48;2;108;138;184m   1  [0m[38;2;204;164;227;48;2;222;235;247m   1  [0m[38;2;204;164;227;48;2;108;138;184m   1  [0m[38;2;204;164;227;48;2;249;251;248m  12  [0m[38;2;204;164;227;48;2;108;138;184m   1  [0m[38;2;204;164;227;48;2;222;235;247m  10  
[0m  79:[38;2;204;164;227;48;2;255;255;255m   1  
[0m  80:[38;2;204;164;227;48;2;222;235;247m   2  [0m[38;2;204;164;227;48;2;108;138;184m   1  [0m[38;2;204;164;227;48;2;222;235;247m   8  [0m[38;2;204;164;227;48;2;108;138;184m   2  [0m[38;2;204;164;227;48;2;222;235;247m   2  [0m[38;2;204;164;227;48;2;108;138;184m   1  [0m[38;2;204;164;227;48;2;249;251;248m   8  [0m[38;2;204;164;227;48;2;108;138;184m   5  [0m[38;2;204;164;227;48;2;222;235;247m  11  
[0m  81:[38;2;204;164;227;48;2;255;255;255m   1  
[0m  82:[38;2;204;164;227;48;2;222;235;247m  16  [0m[38;2;204;164;227;48;2;108;138;184m   1  [0m[38;2;204;164;227;48;2;249;251;248m   6  [0m[38;2;204;164;227;48;2;108;138;184m   2  [0m[38;2;204;164;227;48;2;249;251;248m   4  [0m[38;2;204;164;227;48;2;108;138;184m   3  [0m[38;2;204;164;227;48;2;222;235;247m  10  
[0m  83:[38;2;204;164;227;48;2;255;255;255m   1  
[0m  84:[38;2;204;164;227;48;2;222;235;247m   2  [0m[38;2;204;164;227;48;2;108;138;184m   2  [0m[38;2;204;164;227;48;2;222;235;247m  13  [0m[38;2;204;164;227;48;2;108;138;184m   1  [0m[38;2;204;164;227;48;2;249;251;248m   5  [0m[38;2;204;164;227;48;2;108;138;184m   2  [0m[38;2;204;164;227;48;2;249;251;248m   2  [0m[38;2;204;164;227;48;2;252;203;224m   2  [0m[38;2;204;164;227;48;2;249;251;248m   3  [0m[38;2;204;164;227;48;2;108;138;184m   2  [0m[38;2;204;164;227;48;2;222;235;247m  10  
[0m  85:[38;2;204;164;227;48;2;255;255;255m   1  
[0m  86:[38;2;204;164;227;48;2;222;235;247m   4  [0m[38;2;204;164;227;48;2;108;138;184m   1  [0m[38;2;204;164;227;48;2;222;235;247m   5  [0m[38;2;204;164;227;48;2;108;138;184m   4  [0m[38;2;204;164;227;48;2;222;235;247m   4  [0m[38;2;204;164;227;48;2;108;138;184m   1  [0m[38;2;204;164;227;48;2;249;251;248m   5  [0m[38;2;204;164;227;48;2;108;138;184m   1  [0m[38;2;204;164;227;48;2;249;251;248m   3  [0m[38;2;204;164;227;48;2;252;203;224m   3  [0m[38;2;204;164;227;48;2;249;251;248m   4  [0m[38;2;204;164;227;48;2;108;138;184m   2  [0m[38;2;204;164;227;48;2;222;235;247m   9  
[0m  87:[38;2;204;164;227;48;2;255;255;255m   1  
[0m  88:[38;2;204;164;227;48;2;222;235;247m   8  [0m[38;2;204;164;227;48;2;108;138;184m   2  [0m[38;2;204;164;227;48;2;249;251;248m  12  [0m[38;2;204;164;227;48;2;108;138;184m   4  [0m[38;2;204;164;227;48;2;249;251;248m  17  [0m[38;2;204;164;227;48;2;108;138;184m   1  [0m[38;2;204;164;227;48;2;222;235;247m   4  
[0m  89:[38;2;204;164;227;48;2;222;235;247m   3  [0m[38;2;204;164;227;48;2;108;138;184m   2  [0m[38;2;204;164;227;48;2;249;251;248m  17  [0m[38;2;204;164;227;48;2;108;138;184m   6  [0m[38;2;204;164;227;48;2;249;251;248m   9  [0m[38;2;204;164;227;48;2;108;138;184m   2  [0m[38;2;204;164;227;48;2;222;235;247m   8  
[0m  90:[38;2;204;164;227;48;2;222;235;247m   8  [0m[38;2;204;164;227;48;2;108;138;184m   3  [0m[38;2;204;164;227;48;2;249;251;248m   8  [0m[38;2;204;164;227;48;2;108;138;184m   4  [0m[38;2;204;164;227;48;2;249;251;248m  19  [0m[38;2;204;164;227;48;2;108;138;184m   1  [0m[38;2;204;164;227;48;2;222;235;247m   3  
[0m  91:[38;2;204;164;227;48;2;222;235;247m   3  [0m[38;2;204;164;227;48;2;108;138;184m   1  [0m[38;2;204;164;227;48;2;249;251;248m  30  [0m[38;2;204;164;227;48;2;108;138;184m   3  [0m[38;2;204;164;227;48;2;222;235;247m   8  
[0m  92:[38;2;204;164;227;48;2;222;235;247m   9  [0m[38;2;204;164;227;48;2;108;138;184m   2  [0m[38;2;204;164;227;48;2;249;251;248m  29  [0m[38;2;204;164;227;48;2;108;138;184m   2  [0m[38;2;204;164;227;48;2;222;235;247m   2  
[0m  93:[38;2;204;164;227;48;2;222;235;247m   2  [0m[38;2;204;164;227;48;2;108;138;184m   2  [0m[38;2;204;164;227;48;2;249;251;248m  28  [0m[38;2;204;164;227;48;2;108;138;184m   2  [0m[38;2;204;164;227;48;2;222;235;247m   9  
[0m  94:[38;2;204;164;227;48;2;222;235;247m   9  [0m[38;2;204;164;227;48;2;108;138;184m   2  [0m[38;2;204;164;227;48;2;249;251;248m  27  [0m[38;2;204;164;227;48;2;108;138;184m   2  [0m[38;2;204;164;227;48;2;222;235;247m   2  
[0m  95:[38;2;204;164;227;48;2;222;235;247m   2  [0m[38;2;204;164;227;48;2;108;138;184m   2  [0m[38;2;204;164;227;48;2;249;251;248m  27  [0m[38;2;204;164;227;48;2;108;138;184m   1  [0m[38;2;204;164;227;48;2;222;235;247m   9  
[0m  96:[38;2;204;164;227;48;2;222;235;247m   9  [0m[38;2;204;164;227;48;2;108;138;184m   1  [0m[38;2;204;164;227;48;2;249;251;248m  26  [0m[38;2;204;164;227;48;2;108;138;184m   2  [0m[38;2;204;164;227;48;2;222;235;247m   2  
[0m  97:[38;2;204;164;227;48;2;222;235;247m   2  [0m[38;2;204;164;227;48;2;108;138;184m   2  [0m[38;2;204;164;227;48;2;249;251;248m  25  [0m[38;2;204;164;227;48;2;108;138;184m   2  [0m[38;2;204;164;227;48;2;222;235;247m   8  
[0m  98:[38;2;204;164;227;48;2;222;235;247m   8  [0m[38;2;204;164;227;48;2;108;138;184m   2  [0m[38;2;204;164;227;48;2;249;251;248m  10  [0m[38;2;204;164;227;48;2;108;138;184m  10  [0m[38;2;204;164;227;48;2;249;251;248m   3  [0m[38;2;204;164;227;48;2;108;138;184m   3  [0m[38;2;204;164;227;48;2;222;235;247m   2  
[0m  99:[38;2;204;164;227;48;2;222;235;247m   2  [0m[38;2;204;164;227;48;2;108;138;184m  18  [0m[38;2;204;164;227;48;2;249;251;248m   6  [0m[38;2;204;164;227;48;2;108;138;184m   3  [0m[38;2;204;164;227;48;2;222;235;247m   8  
[0m 100:[38;2;204;164;227;48;2;222;235;247m   8  [0m[38;2;204;164;227;48;2;108;138;184m   4  [0m[38;2;204;164;227;48;2;249;251;248m   3  [0m[38;2;204;164;227;48;2;108;138;184m   6  [0m[38;2;204;164;227;48;2;222;235;247m   8  [0m[38;2;204;164;227;48;2;108;138;184m   4  [0m[38;2;204;164;227;48;2;222;235;247m   3  
[0m 101:[38;2;204;164;227;48;2;222;235;247m  17  [0m[38;2;204;164;227;48;2;108;138;184m   9  [0m[38;2;204;164;227;48;2;222;235;247m   9  
[0m 102:[38;2;204;164;227;48;2;222;235;247m  10  [0m[38;2;204;164;227;48;2;108;138;184m   5  [0m[38;2;204;164;227;48;2;222;235;247m  19  
[0m 103:[38;2;204;164;227;48;2;222;235;247m   7  [0m[38;2;204;164;227;48;2;108;138;184m   3  [0m[38;2;204;164;227;48;2;222;235;247m  23  
[0m 104:[38;2;204;164;227;48;2;222;235;247m  22  [0m[38;2;204;164;227;48;2;108;138;184m   1  [0m[38;2;204;164;227;48;2;254;210;223m   2  [0m[38;2;204;164;227;48;2;108;138;184m   1  [0m[38;2;204;164;227;48;2;222;235;247m   6  
[0m 105:[38;2;204;164;227;48;2;222;235;247m   6  [0m[38;2;204;164;227;48;2;254;210;223m   3  [0m[38;2;204;164;227;48;2;222;235;247m  22  
[0m 106:[38;2;204;164;227;48;2;222;235;247m  21  [0m[38;2;204;164;227;48;2;108;138;184m   1  [0m[38;2;204;164;227;48;2;254;210;223m   1  [0m[38;2;204;164;227;48;2;108;138;184m   2  [0m[38;2;204;164;227;48;2;222;235;247m   5  
[0m 107:[38;2;204;164;227;48;2;222;235;247m   5  [0m[38;2;204;164;227;48;2;108;138;184m   3  [0m[38;2;204;164;227;48;2;222;235;247m  21  
[0m 108:[38;2;204;164;227;48;2;222;235;247m   4  [0m[38;2;204;164;227;48;2;108;138;184m   2  [0m[38;2;204;164;227;48;2;222;235;247m  15  [0m[38;2;204;164;227;48;2;108;138;184m   1  [0m[38;2;204;164;227;48;2;254;210;223m   1  [0m[38;2;204;164;227;48;2;222;235;247m   5  
[0m 109:[38;2;204;164;227;48;2;222;235;247m   4  [0m[38;2;204;164;227;48;2;108;138;184m   2  [0m[38;2;204;164;227;48;2;222;235;247m  16  [0m[38;2;204;164;227;48;2;108;138;184m   1  [0m[38;2;204;164;227;48;2;222;235;247m   4  
[0m 110:[38;2;204;164;227;48;2;222;235;247m   3  [0m[38;2;204;164;227;48;2;108;138;184m   2  [0m[38;2;204;164;227;48;2;222;235;247m  15  [0m[38;2;204;164;227;48;2;108;138;184m   3  [0m[38;2;204;164;227;48;2;222;235;247m   3  
[0m 111:[38;2;204;164;227;48;2;222;235;247m   2  [0m[38;2;204;164;227;48;2;108;138;184m   1  [0m[38;2;204;164;227;48;2;254;210;223m   2  [0m[38;2;204;164;227;48;2;108;138;184m   1  [0m[38;2;204;164;227;48;2;222;235;247m   8  [0m[38;2;204;164;227;48;2;108;138;184m   1  [0m[38;2;204;164;227;48;2;222;235;247m  10  
[0m 112:[38;2;204;164;227;48;2;222;235;247m   9  [0m[38;2;204;164;227;48;2;108;138;184m   2  [0m[38;2;204;164;227;48;2;222;235;247m   8  [0m[38;2;204;164;227;48;2;254;210;223m   3  [0m[38;2;204;164;227;48;2;222;235;247m   2  
[0m 113:[38;2;204;164;227;48;2;222;235;247m   1  [0m[38;2;204;164;227;48;2;108;138;184m   4  [0m[38;2;204;164;227;48;2;222;235;247m   7  [0m[38;2;204;164;227;48;2;108;138;184m   3  [0m[38;2;204;164;227;48;2;222;235;247m   8  
[0m 114:[38;2;204;164;227;48;2;222;235;247m   7  [0m[38;2;204;164;227;48;2;108;138;184m   4  [0m[38;2;204;164;227;48;2;222;235;247m   7  [0m[38;2;204;164;227;48;2;108;138;184m   3  [0m[38;2;204;164;227;48;2;222;235;247m   1  
[0m 115:[38;2;204;164;227;48;2;222;235;247m  10  [0m[38;2;204;164;227;48;2;108;138;184m   5  [0m[38;2;204;164;227;48;2;222;235;247m   6  
[0m 116:[38;2;204;164;227;48;2;222;235;247m   5  [0m[38;2;204;164;227;48;2;108;138;184m   6  [0m[38;2;204;164;227;48;2;222;235;247m   4  [0m[38;2;204;164;227;48;2;108;138;184m   1  [0m[38;2;204;164;227;48;2;222;235;247m   4  
[0m 117:[38;2;204;164;227;48;2;222;235;247m   3  [0m[38;2;204;164;227;48;2;108;138;184m   1  [0m[38;2;204;164;227;48;2;222;235;247m   5  [0m[38;2;204;164;227;48;2;108;138;184m   5  [0m[38;2;204;164;227;48;2;222;235;247m   5  
[0m 118:[38;2;204;164;227;48;2;222;235;247m   4  [0m[38;2;204;164;227;48;2;108;138;184m   6  [0m[38;2;204;164;227;48;2;222;235;247m   4  [0m[38;2;204;164;227;48;2;108;138;184m   1  [0m[38;2;204;164;227;48;2;222;235;247m   3  
[0m 119:[38;2;204;164;227;48;2;222;235;247m   2  [0m[38;2;204;164;227;48;2;108;138;184m   1  [0m[38;2;204;164;227;48;2;222;235;247m   5  [0m[38;2;204;164;227;48;2;108;138;184m   2  [0m[38;2;204;164;227;48;2;222;235;247m   1  [0m[38;2;204;164;227;48;2;108;138;184m   2  [0m[38;2;204;164;227;48;2;222;235;247m   4  
[0m 120:[38;2;204;164;227;48;2;222;235;247m  13  [0m[38;2;204;164;227;48;2;108;138;184m   1  [0m[38;2;204;164;227;48;2;222;235;247m   2  
[0m 121:[38;2;204;164;227;48;2;222;235;247m  15  
[0m 122:[38;2;204;164;227;48;2;222;235;247m  14  
[0m 123:[38;2;204;164;227;48;2;222;235;247m  13  
[0m 124:[38;2;204;164;227;48;2;222;235;247m  12  
[0m 125:[38;2;204;164;227;48;2;222;235;247m  11  
[0m 126:[38;2;204;164;227;48;2;222;235;247m  10  
[0m 127:[38;2;204;164;227;48;2;222;235;247m   9  
[0m 128:[38;2;204;164;227;48;2;222;235;247m   8  
[0m 129:[38;2;204;164;227;48;2;222;235;247m   7  
[0m 130:[38;2;204;164;227;48;2;222;235;247m   6  
[0m 131:[38;2;204;164;227;48;2;222;235;247m   5  
[0m 132:[38;2;204;164;227;48;2;222;235;247m   4  
[0m 133:[38;2;204;164;227;48;2;222;235;247m   3  
[0m 134:[38;2;204;164;227;48;2;222;235;247m   2  
[0m 135:[38;2;204;164;227;48;2;222;235;247m   1  
[0m